# JRE version: OpenJDK Runtime Environment (8.0_212-b04) (build 1.8.0_212-release-1586-b04)
# Java VM: OpenJDK 64-Bit Server VM (25.212-b04 mixed mode windows-amd64 compressed oops)
Heap:
 PSYoungGen      total 275968K, used 227718K [0x00000000e0000000, 0x00000000f4000000, 0x0000000100000000)
  eden space 249344K, 80% used [0x00000000e0000000,0x00000000ec462468,0x00000000ef380000)
  from space 26624K, 99% used [0x00000000f1680000,0x00000000f307f650,0x00000000f3080000)
  to   space 35840K, 0% used [0x00000000ef380000,0x00000000ef380000,0x00000000f1680000)
 ParOldGen       total 216576K, used 69416K [0x00000000a0000000, 0x00000000ad380000, 0x00000000e0000000)
  object space 216576K, 32% used [0x00000000a0000000,0x00000000a43ca180,0x00000000ad380000)
 Metaspace       used 73935K, capacity 79718K, committed 80088K, reserved 1118208K
  class space    used 10110K, capacity 11358K, committed 11480K, reserved 1048576K
GC Heap History (10 events):
Event: 17.821 GC heap before
{Heap before GC invocations=11 (full 2):
 PSYoungGen      total 183296K, used 183201K [0x00000000e0000000, 0x00000000ef080000, 0x0000000100000000)
  eden space 172032K, 100% used [0x00000000e0000000,0x00000000ea800000,0x00000000ea800000)
  from space 11264K, 99% used [0x00000000ee580000,0x00000000ef068728,0x00000000ef080000)
  to   space 12800K, 0% used [0x00000000ed780000,0x00000000ed780000,0x00000000ee400000)
 ParOldGen       total 135168K, used 17305K [0x00000000a0000000, 0x00000000a8400000, 0x00000000e0000000)
  object space 135168K, 12% used [0x00000000a0000000,0x00000000a10e66e0,0x00000000a8400000)
 Metaspace       used 55855K, capacity 58484K, committed 58752K, reserved 1099776K
  class space    used 7580K, capacity 8248K, committed 8320K, reserved 1048576K
Event: 17.850 GC heap after
Heap after GC invocations=11 (full 2):
 PSYoungGen      total 230400K, used 12788K [0x00000000e0000000, 0x00000000efc80000, 0x0000000100000000)
  eden space 217600K, 0% used [0x00000000e0000000,0x00000000e0000000,0x00000000ed480000)
  from space 12800K, 99% used [0x00000000ed780000,0x00000000ee3fd300,0x00000000ee400000)
  to   space 20480K, 0% used [0x00000000ee880000,0x00000000ee880000,0x00000000efc80000)
 ParOldGen       total 135168K, used 34200K [0x00000000a0000000, 0x00000000a8400000, 0x00000000e0000000)
  object space 135168K, 25% used [0x00000000a0000000,0x00000000a21663b8,0x00000000a8400000)
 Metaspace       used 55855K, capacity 58484K, committed 58752K, reserved 1099776K
  class space    used 7580K, capacity 8248K, committed 8320K, reserved 1048576K
}
Event: 18.104 GC heap before
{Heap before GC invocations=12 (full 2):
 PSYoungGen      total 230400K, used 32610K [0x00000000e0000000, 0x00000000efc80000, 0x0000000100000000)
  eden space 217600K, 9% used [0x00000000e0000000,0x00000000e135b6d0,0x00000000ed480000)
  from space 12800K, 99% used [0x00000000ed780000,0x00000000ee3fd300,0x00000000ee400000)
  to   space 20480K, 0% used [0x00000000ee880000,0x00000000ee880000,0x00000000efc80000)
 ParOldGen       total 135168K, used 34200K [0x00000000a0000000, 0x00000000a8400000, 0x00000000e0000000)
  object space 135168K, 25% used [0x00000000a0000000,0x00000000a21663b8,0x00000000a8400000)
 Metaspace       used 56151K, capacity 59032K, committed 59096K, reserved 1099776K
  class space    used 7610K, capacity 8346K, committed 8408K, reserved 1048576K
Event: 18.115 GC heap after
Heap after GC invocations=12 (full 2):
 PSYoungGen      total 237056K, used 16484K [0x00000000e0000000, 0x00000000f4500000, 0x0000000100000000)
  eden space 216576K, 0% used [0x00000000e0000000,0x00000000e0000000,0x00000000ed380000)
  from space 20480K, 80% used [0x00000000ee880000,0x00000000ef899310,0x00000000efc80000)
  to   space 21504K, 0% used [0x00000000ed380000,0x00000000ed380000,0x00000000ee880000)
 ParOldGen       total 135168K, used 34208K [0x00000000a0000000, 0x00000000a8400000, 0x00000000e0000000)
  object space 135168K, 25% used [0x00000000a0000000,0x00000000a21683b8,0x00000000a8400000)
 Metaspace       used 56151K, capacity 59032K, committed 59096K, reserved 1099776K
  class space    used 7610K, capacity 8346K, committed 8408K, reserved 1048576K
}
Event: 18.115 GC heap before
{Heap before GC invocations=13 (full 3):
 PSYoungGen      total 237056K, used 16484K [0x00000000e0000000, 0x00000000f4500000, 0x0000000100000000)
  eden space 216576K, 0% used [0x00000000e0000000,0x00000000e0000000,0x00000000ed380000)
  from space 20480K, 80% used [0x00000000ee880000,0x00000000ef899310,0x00000000efc80000)
  to   space 21504K, 0% used [0x00000000ed380000,0x00000000ed380000,0x00000000ee880000)
 ParOldGen       total 135168K, used 34208K [0x00000000a0000000, 0x00000000a8400000, 0x00000000e0000000)
  object space 135168K, 25% used [0x00000000a0000000,0x00000000a21683b8,0x00000000a8400000)
 Metaspace       used 56151K, capacity 59032K, committed 59096K, reserved 1099776K
  class space    used 7610K, capacity 8346K, committed 8408K, reserved 1048576K
Event: 18.391 GC heap after
Heap after GC invocations=13 (full 3):
 PSYoungGen      total 237056K, used 0K [0x00000000e0000000, 0x00000000f4500000, 0x0000000100000000)
  eden space 216576K, 0% used [0x00000000e0000000,0x00000000e0000000,0x00000000ed380000)
  from space 20480K, 0% used [0x00000000ee880000,0x00000000ee880000,0x00000000efc80000)
  to   space 21504K, 0% used [0x00000000ed380000,0x00000000ed380000,0x00000000ee880000)
 ParOldGen       total 216576K, used 47755K [0x00000000a0000000, 0x00000000ad380000, 0x00000000e0000000)
  object space 216576K, 22% used [0x00000000a0000000,0x00000000a2ea2fe8,0x00000000ad380000)
 Metaspace       used 56125K, capacity 58948K, committed 59096K, reserved 1099776K
  class space    used 7603K, capacity 8332K, committed 8408K, reserved 1048576K
}
Event: 21.900 GC heap before
{Heap before GC invocations=14 (full 3):
 PSYoungGen      total 237056K, used 216576K [0x00000000e0000000, 0x00000000f4500000, 0x0000000100000000)
  eden space 216576K, 100% used [0x00000000e0000000,0x00000000ed380000,0x00000000ed380000)
  from space 20480K, 0% used [0x00000000ee880000,0x00000000ee880000,0x00000000efc80000)
  to   space 21504K, 0% used [0x00000000ed380000,0x00000000ed380000,0x00000000ee880000)
 ParOldGen       total 216576K, used 47755K [0x00000000a0000000, 0x00000000ad380000, 0x00000000e0000000)
  object space 216576K, 22% used [0x00000000a0000000,0x00000000a2ea2fe8,0x00000000ad380000)
 Metaspace       used 62711K, capacity 66884K, committed 67160K, reserved 1105920K
  class space    used 8623K, capacity 9704K, committed 9816K, reserved 1048576K
Event: 21.913 GC heap after
Heap after GC invocations=14 (full 3):
 PSYoungGen      total 238080K, used 21472K [0x00000000e0000000, 0x00000000f3080000, 0x0000000100000000)
  eden space 216576K, 0% used [0x00000000e0000000,0x00000000e0000000,0x00000000ed380000)
  from space 21504K, 99% used [0x00000000ed380000,0x00000000ee878030,0x00000000ee880000)
  to   space 26624K, 0% used [0x00000000f1680000,0x00000000f1680000,0x00000000f3080000)
 ParOldGen       total 216576K, used 53742K [0x00000000a0000000, 0x00000000ad380000, 0x00000000e0000000)
  object space 216576K, 24% used [0x00000000a0000000,0x00000000a347b800,0x00000000ad380000)
 Metaspace       used 62711K, capacity 66884K, committed 67160K, reserved 1105920K
  class space    used 8623K, capacity 9704K, committed 9816K, reserved 1048576K
}
Event: 23.996 GC heap before
{Heap before GC invocations=15 (full 3):
 PSYoungGen      total 238080K, used 238048K [0x00000000e0000000, 0x00000000f3080000, 0x0000000100000000)
  eden space 216576K, 100% used [0x00000000e0000000,0x00000000ed380000,0x00000000ed380000)
  from space 21504K, 99% used [0x00000000ed380000,0x00000000ee878030,0x00000000ee880000)
  to   space 26624K, 0% used [0x00000000f1680000,0x00000000f1680000,0x00000000f3080000)
 ParOldGen       total 216576K, used 53742K [0x00000000a0000000, 0x00000000ad380000, 0x00000000e0000000)
  object space 216576K, 24% used [0x00000000a0000000,0x00000000a347b800,0x00000000ad380000)
 Metaspace       used 72269K, capacity 77942K, committed 78040K, reserved 1116160K
  class space    used 9937K, capacity 11170K, committed 11224K, reserved 1048576K
Event: 24.016 GC heap after
Heap after GC invocations=15 (full 3):
 PSYoungGen      total 275968K, used 26621K [0x00000000e0000000, 0x00000000f4000000, 0x0000000100000000)
  eden space 249344K, 0% used [0x00000000e0000000,0x00000000e0000000,0x00000000ef380000)
  from space 26624K, 99% used [0x00000000f1680000,0x00000000f307f650,0x00000000f3080000)
  to   space 35840K, 0% used [0x00000000ef380000,0x00000000ef380000,0x00000000f1680000)
 ParOldGen       total 216576K, used 69416K [0x00000000a0000000, 0x00000000ad380000, 0x00000000e0000000)
  object space 216576K, 32% used [0x00000000a0000000,0x00000000a43ca180,0x00000000ad380000)
 Metaspace       used 72269K, capacity 77942K, committed 78040K, reserved 1116160K
  class space    used 9937K, capacity 11170K, committed 11224K, reserved 1048576K
}

